<?xml version="1.0" encoding="UTF-8"?>
<testsuite xmlns:xsi="http://www.w3.org/2001/XMLSchema-instance" xsi:noNamespaceSchemaLocation="https://maven.apache.org/surefire/maven-surefire-plugin/xsd/surefire-test-report.xsd" version="3.0.2" name="tn.esprit.cognitiveassessment.controller.CognitiveAssessmentControllerTest" time="20.62" tests="1" errors="0" skipped="0" failures="0">
  <properties>
[...]
</properties>
  <testcase name="crud_flow" classname="tn.esprit.cognitiveassessment.controller.CognitiveAssessmentControllerTest" time="7.427">
    <system-out><![CDATA[14:09:01.761 [main] INFO org.springframework.test.context.support.AnnotationConfigContextLoaderUtils -- Could not detect default configuration classes for test class [tn.esprit.cognitiveassessment.controller.CognitiveAssessmentControllerTest]: CognitiveAssessmentControllerTest does not declare any static, non-private, non-final, nested classes annotated with @Configuration.
14:09:01.968 [main] INFO org.springframework.boot.test.context.SpringBootTestContextBootstrapper -- Found @SpringBootConfiguration tn.esprit.cognitiveassessment.CognitiveAssessmentApplication for test class tn.esprit.cognitiveassessment.controller.CognitiveAssessmentControllerTest

  .   ____          _            __ _ _
 /\\ / ___'_ __ _ _(_)_ __  __ _ \ \ \ \
( ( )\___ | '_ | '_| | '_ \/ _` | \ \ \ \
 \\/  ___)| |_)| | | | | || (_| |  ) ) ) )
  '  |____| .__|_| |_|_| |_\__, | / / / /
 =========|_|==============|___/=/_/_/_/

 :: Spring Boot ::                (v4.0.2)

2026-04-16T14:09:03.157+01:00  INFO 24008 --- [COGNITIVE-ASSESSMENT] [           main] .e.c.c.CognitiveAssessmentControllerTest : Starting CognitiveAssessmentControllerTest using Java 17.0.11 with PID 24008 (started by coola in D:\Documents\myProjects\Evermind\EverMind\Backend\CognitiveAssessment\CognitiveAssessment)
2026-04-16T14:09:03.159+01:00  INFO 24008 --- [COGNITIVE-ASSESSMENT] [           main] .e.c.c.CognitiveAssessmentControllerTest : No active profile set, falling back to 1 default profile: "default"
2026-04-16T14:09:05.152+01:00  INFO 24008 --- [COGNITIVE-ASSESSMENT] [           main] .s.d.r.c.RepositoryConfigurationDelegate : Bootstrapping Spring Data JPA repositories in DEFAULT mode.
2026-04-16T14:09:05.396+01:00  INFO 24008 --- [COGNITIVE-ASSESSMENT] [           main] .s.d.r.c.RepositoryConfigurationDelegate : Finished Spring Data repository scanning in 207 ms. Found 1 JPA repository interface.
2026-04-16T14:09:06.055+01:00  INFO 24008 --- [COGNITIVE-ASSESSMENT] [           main] o.s.cloud.context.scope.GenericScope     : BeanFactory id=7019d757-52dd-3f0e-bbc9-75af4991a39d
2026-04-16T14:09:06.926+01:00  INFO 24008 --- [COGNITIVE-ASSESSMENT] [           main] org.hibernate.orm.jpa                    : HHH008540: Processing PersistenceUnitInfo [name: default]
2026-04-16T14:09:07.169+01:00  INFO 24008 --- [COGNITIVE-ASSESSMENT] [           main] org.hibernate.orm.core                   : HHH000001: Hibernate ORM core version 7.2.1.Final
2026-04-16T14:09:08.097+01:00  INFO 24008 --- [COGNITIVE-ASSESSMENT] [           main] o.s.o.j.p.SpringPersistenceUnitInfo      : No LoadTimeWeaver setup: ignoring JPA class transformer
2026-04-16T14:09:08.159+01:00  INFO 24008 --- [COGNITIVE-ASSESSMENT] [           main] com.zaxxer.hikari.HikariDataSource       : HikariPool-1 - Starting...
2026-04-16T14:09:08.413+01:00  INFO 24008 --- [COGNITIVE-ASSESSMENT] [           main] com.zaxxer.hikari.pool.HikariPool        : HikariPool-1 - Added connection org.postgresql.jdbc.PgConnection@5b72b13a
2026-04-16T14:09:08.414+01:00  INFO 24008 --- [COGNITIVE-ASSESSMENT] [           main] com.zaxxer.hikari.HikariDataSource       : HikariPool-1 - Start completed.
2026-04-16T14:09:08.507+01:00  INFO 24008 --- [COGNITIVE-ASSESSMENT] [           main] org.hibernate.orm.connections.pooling    : HHH10001005: Database info:
	Database JDBC URL [jdbc:postgresql://localhost:5432/cognitive_assessment]
	Database driver: PostgreSQL JDBC Driver
	Database dialect: PostgreSQLDialect
	Database version: 17.4
	Default catalog/schema: cognitive_assessment/public
	Autocommit mode: undefined/unknown
	Isolation level: READ_COMMITTED [default READ_COMMITTED]
	JDBC fetch size: none
	Pool: DataSourceConnectionProvider
	Minimum pool size: undefined/unknown
	Maximum pool size: undefined/unknown
2026-04-16T14:09:09.591+01:00  INFO 24008 --- [COGNITIVE-ASSESSMENT] [           main] org.hibernate.orm.core                   : HHH000489: No JTA platform available (set 'hibernate.transaction.jta.platform' to enable JTA platform integration)
Hibernate: set client_min_messages = WARNING
Hibernate: drop table if exists cognitive_assessments cascade
Hibernate: create table cognitive_assessments (mmse_score integer not null, mooca_score integer not null, score_executive_functions integer not null, score_language integer not null, score_memory integer not null, score_orientation integer not null, trend_points integer, id bigint generated by default as identity, trend varchar(16) not null check ((trend in ('up','down','stable'))), date varchar(32) not null, type varchar(32) not null check ((type in ('initial','complete','follow_up'))), patient_id varchar(64) not null, evaluator varchar(128) not null, observations TEXT, primary key (id))
2026-04-16T14:09:09.805+01:00  INFO 24008 --- [COGNITIVE-ASSESSMENT] [           main] j.LocalContainerEntityManagerFactoryBean : Initialized JPA EntityManagerFactory for persistence unit 'default'
2026-04-16T14:09:09.969+01:00  INFO 24008 --- [COGNITIVE-ASSESSMENT] [           main] o.s.d.j.r.query.QueryEnhancerFactories   : Hibernate is in classpath; If applicable, HQL parser will be used.
2026-04-16T14:09:10.549+01:00  WARN 24008 --- [COGNITIVE-ASSESSMENT] [           main] JpaBaseConfiguration$JpaWebConfiguration : spring.jpa.open-in-view is enabled by default. Therefore, database queries may be performed during view rendering. Explicitly configure spring.jpa.open-in-view to disable this warning
2026-04-16T14:09:10.684+01:00  INFO 24008 --- [COGNITIVE-ASSESSMENT] [           main] o.s.v.b.OptionalValidatorFactoryBean     : Failed to set up a Bean Validation provider: jakarta.validation.NoProviderFoundException: Unable to create a Configuration, because no Jakarta Validation provider could be found. Add a provider like Hibernate Validator (RI) to your classpath.
2026-04-16T14:09:13.364+01:00  INFO 24008 --- [COGNITIVE-ASSESSMENT] [           main] o.s.b.t.m.w.SpringBootMockServletContext : Initializing Spring TestDispatcherServlet ''
2026-04-16T14:09:13.364+01:00  INFO 24008 --- [COGNITIVE-ASSESSMENT] [           main] o.s.t.web.servlet.TestDispatcherServlet  : Initializing Servlet ''
2026-04-16T14:09:13.371+01:00  INFO 24008 --- [COGNITIVE-ASSESSMENT] [           main] o.s.b.a.e.web.EndpointLinksResolver      : Exposing 17 endpoints beneath base path '/actuator'
2026-04-16T14:09:13.392+01:00  INFO 24008 --- [COGNITIVE-ASSESSMENT] [           main] o.s.t.web.servlet.TestDispatcherServlet  : Completed initialization in 27 ms
2026-04-16T14:09:13.687+01:00  INFO 24008 --- [COGNITIVE-ASSESSMENT] [           main] DiscoveryClientOptionalArgsConfiguration : Eureka HTTP Client uses RestClient.
2026-04-16T14:09:13.763+01:00  WARN 24008 --- [COGNITIVE-ASSESSMENT] [           main] iguration$LoadBalancerCaffeineWarnLogger : Spring Cloud LoadBalancer is currently working with the default cache. While this cache implementation is useful for development and tests, it's recommended to use Caffeine cache in production.You can switch to using Caffeine cache, by adding it and org.springframework.cache.caffeine.CaffeineCacheManager to the classpath.
2026-04-16T14:09:13.893+01:00  INFO 24008 --- [COGNITIVE-ASSESSMENT] [           main] o.s.c.n.eureka.InstanceInfoFactory       : Setting initial instance status as: STARTING
2026-04-16T14:09:13.937+01:00  INFO 24008 --- [COGNITIVE-ASSESSMENT] [           main] com.netflix.discovery.DiscoveryClient    : Initializing Eureka in region us-east-1
2026-04-16T14:09:13.944+01:00  INFO 24008 --- [COGNITIVE-ASSESSMENT] [           main] c.n.d.s.r.aws.ConfigClusterResolver      : Resolving eureka endpoints via configuration
2026-04-16T14:09:13.988+01:00  INFO 24008 --- [COGNITIVE-ASSESSMENT] [           main] com.netflix.discovery.DiscoveryClient    : Disable delta property : false
2026-04-16T14:09:13.989+01:00  INFO 24008 --- [COGNITIVE-ASSESSMENT] [           main] com.netflix.discovery.DiscoveryClient    : Single vip registry refresh property : null
2026-04-16T14:09:13.989+01:00  INFO 24008 --- [COGNITIVE-ASSESSMENT] [           main] com.netflix.discovery.DiscoveryClient    : Force full registry fetch : false
2026-04-16T14:09:13.989+01:00  INFO 24008 --- [COGNITIVE-ASSESSMENT] [           main] com.netflix.discovery.DiscoveryClient    : Application is null : false
2026-04-16T14:09:13.989+01:00  INFO 24008 --- [COGNITIVE-ASSESSMENT] [           main] com.netflix.discovery.DiscoveryClient    : Registered Applications size is zero : true
2026-04-16T14:09:13.989+01:00  INFO 24008 --- [COGNITIVE-ASSESSMENT] [           main] com.netflix.discovery.DiscoveryClient    : Application version is -1: true
2026-04-16T14:09:13.989+01:00  INFO 24008 --- [COGNITIVE-ASSESSMENT] [           main] com.netflix.discovery.DiscoveryClient    : Getting all instance registry info from the eureka server
2026-04-16T14:09:14.572+01:00  INFO 24008 --- [COGNITIVE-ASSESSMENT] [           main] com.netflix.discovery.DiscoveryClient    : The response status is 200
2026-04-16T14:09:14.574+01:00  INFO 24008 --- [COGNITIVE-ASSESSMENT] [           main] com.netflix.discovery.DiscoveryClient    : Starting heartbeat executor: renew interval is: 30
2026-04-16T14:09:14.576+01:00  INFO 24008 --- [COGNITIVE-ASSESSMENT] [           main] c.n.discovery.InstanceInfoReplicator     : InstanceInfoReplicator onDemand update allowed rate per min is 4
2026-04-16T14:09:14.577+01:00  INFO 24008 --- [COGNITIVE-ASSESSMENT] [           main] com.netflix.discovery.DiscoveryClient    : Discovery Client initialized at timestamp 1776344954577 with initial instances count: 4
2026-04-16T14:09:14.581+01:00  INFO 24008 --- [COGNITIVE-ASSESSMENT] [           main] o.s.c.n.e.s.EurekaServiceRegistry        : Registering application COGNITIVE-ASSESSMENT with eureka with status UP
2026-04-16T14:09:14.582+01:00  INFO 24008 --- [COGNITIVE-ASSESSMENT] [           main] com.netflix.discovery.DiscoveryClient    : Saw local status change event StatusChangeEvent [timestamp=1776344954582, current=UP, previous=STARTING]
2026-04-16T14:09:14.584+01:00  INFO 24008 --- [COGNITIVE-ASSESSMENT] [foReplicator-%d] com.netflix.discovery.DiscoveryClient    : DiscoveryClient_COGNITIVE-ASSESSMENT/aziz:COGNITIVE-ASSESSMENT:8098: registering service...
2026-04-16T14:09:14.601+01:00  INFO 24008 --- [COGNITIVE-ASSESSMENT] [           main] .e.c.c.CognitiveAssessmentControllerTest : Started CognitiveAssessmentControllerTest in 12.15 seconds (process running for 14.142)
2026-04-16T14:09:14.659+01:00  INFO 24008 --- [COGNITIVE-ASSESSMENT] [foReplicator-%d] com.netflix.discovery.DiscoveryClient    : DiscoveryClient_COGNITIVE-ASSESSMENT/aziz:COGNITIVE-ASSESSMENT:8098 - registration status: 204
Hibernate: insert into cognitive_assessments (date,evaluator,mmse_score,mooca_score,observations,patient_id,score_executive_functions,score_language,score_memory,score_orientation,trend,trend_points,type) values (?,?,?,?,?,?,?,?,?,?,?,?,?)
2026-04-16T14:09:20.682+01:00  INFO 24008 --- [COGNITIVE-ASSESSMENT] [           main] t.e.c.service.EmailNotificationService   : Email notification sent for new cognitive assessment: 1
Hibernate: select ca1_0.id,ca1_0.date,ca1_0.evaluator,ca1_0.mmse_score,ca1_0.mooca_score,ca1_0.observations,ca1_0.patient_id,ca1_0.score_executive_functions,ca1_0.score_language,ca1_0.score_memory,ca1_0.score_orientation,ca1_0.trend,ca1_0.trend_points,ca1_0.type from cognitive_assessments ca1_0 where ca1_0.id=?
Hibernate: select ca1_0.id,ca1_0.date,ca1_0.evaluator,ca1_0.mmse_score,ca1_0.mooca_score,ca1_0.observations,ca1_0.patient_id,ca1_0.score_executive_functions,ca1_0.score_language,ca1_0.score_memory,ca1_0.score_orientation,ca1_0.trend,ca1_0.trend_points,ca1_0.type from cognitive_assessments ca1_0
Hibernate: select ca1_0.id,ca1_0.date,ca1_0.evaluator,ca1_0.mmse_score,ca1_0.mooca_score,ca1_0.observations,ca1_0.patient_id,ca1_0.score_executive_functions,ca1_0.score_language,ca1_0.score_memory,ca1_0.score_orientation,ca1_0.trend,ca1_0.trend_points,ca1_0.type from cognitive_assessments ca1_0 where ca1_0.patient_id=? order by ca1_0.id desc
Hibernate: select ca1_0.id,ca1_0.date,ca1_0.evaluator,ca1_0.mmse_score,ca1_0.mooca_score,ca1_0.observations,ca1_0.patient_id,ca1_0.score_executive_functions,ca1_0.score_language,ca1_0.score_memory,ca1_0.score_orientation,ca1_0.trend,ca1_0.trend_points,ca1_0.type from cognitive_assessments ca1_0 where ca1_0.id=?
Hibernate: update cognitive_assessments set date=?,evaluator=?,mmse_score=?,mooca_score=?,observations=?,patient_id=?,score_executive_functions=?,score_language=?,score_memory=?,score_orientation=?,trend=?,trend_points=?,type=? where id=?
Hibernate: select count(*) from cognitive_assessments ca1_0 where ca1_0.id=?
Hibernate: select ca1_0.id,ca1_0.date,ca1_0.evaluator,ca1_0.mmse_score,ca1_0.mooca_score,ca1_0.observations,ca1_0.patient_id,ca1_0.score_executive_functions,ca1_0.score_language,ca1_0.score_memory,ca1_0.score_orientation,ca1_0.trend,ca1_0.trend_points,ca1_0.type from cognitive_assessments ca1_0 where ca1_0.id=?
Hibernate: delete from cognitive_assessments where id=?
Hibernate: select ca1_0.id,ca1_0.date,ca1_0.evaluator,ca1_0.mmse_score,ca1_0.mooca_score,ca1_0.observations,ca1_0.patient_id,ca1_0.score_executive_functions,ca1_0.score_language,ca1_0.score_memory,ca1_0.score_orientation,ca1_0.trend,ca1_0.trend_points,ca1_0.type from cognitive_assessments ca1_0 where ca1_0.id=?
]]></system-out>
  </testcase>
</testsuite>