<?xml version="1.0" encoding="UTF-8"?>
<testsuite xmlns:xsi="http://www.w3.org/2001/XMLSchema-instance" xsi:noNamespaceSchemaLocation="https://maven.apache.org/surefire/maven-surefire-plugin/xsd/surefire-test-report.xsd" version="3.0.2" name="com.agenda.controller.RendezVousControllerTest" time="14.177" tests="1" errors="0" skipped="0" failures="0">
  <properties>
[...]
</properties>
  <testcase name="crud_flow" classname="com.agenda.controller.RendezVousControllerTest" time="1.239">
    <system-out><![CDATA[14:08:38.769 [main] INFO org.springframework.test.context.support.AnnotationConfigContextLoaderUtils -- Could not detect default configuration classes for test class [com.agenda.controller.RendezVousControllerTest]: RendezVousControllerTest does not declare any static, non-private, non-final, nested classes annotated with @Configuration.
14:08:38.946 [main] INFO org.springframework.boot.test.context.SpringBootTestContextBootstrapper -- Found @SpringBootConfiguration com.agenda.AgendaMedicalApplication for test class com.agenda.controller.RendezVousControllerTest

  .   ____          _            __ _ _
 /\\ / ___'_ __ _ _(_)_ __  __ _ \ \ \ \
( ( )\___ | '_ | '_| | '_ \/ _` | \ \ \ \
 \\/  ___)| |_)| | | | | || (_| |  ) ) ) )
  '  |____| .__|_| |_|_| |_\__, | / / / /
 =========|_|==============|___/=/_/_/_/

 :: Spring Boot ::                (v4.0.2)

2026-04-16T14:08:39.940+01:00  INFO 8104 --- [           main] c.a.controller.RendezVousControllerTest  : Starting RendezVousControllerTest using Java 17.0.11 with PID 8104 (started by coola in D:\Documents\myProjects\Evermind\EverMind\Backend\AgendaMedical)
2026-04-16T14:08:39.943+01:00  INFO 8104 --- [           main] c.a.controller.RendezVousControllerTest  : No active profile set, falling back to 1 default profile: "default"
2026-04-16T14:08:41.927+01:00  INFO 8104 --- [           main] .s.d.r.c.RepositoryConfigurationDelegate : Bootstrapping Spring Data JPA repositories in DEFAULT mode.
2026-04-16T14:08:42.174+01:00  INFO 8104 --- [           main] .s.d.r.c.RepositoryConfigurationDelegate : Finished Spring Data repository scanning in 226 ms. Found 1 JPA repository interface.
2026-04-16T14:08:42.856+01:00  INFO 8104 --- [           main] o.s.cloud.context.scope.GenericScope     : BeanFactory id=3bc180f2-d173-3239-a38e-3cc06e78e806
2026-04-16T14:08:43.651+01:00  INFO 8104 --- [           main] org.hibernate.orm.jpa                    : HHH008540: Processing PersistenceUnitInfo [name: default]
2026-04-16T14:08:43.776+01:00  INFO 8104 --- [           main] org.hibernate.orm.core                   : HHH000001: Hibernate ORM core version 7.2.1.Final
2026-04-16T14:08:44.762+01:00  INFO 8104 --- [           main] o.s.o.j.p.SpringPersistenceUnitInfo      : No LoadTimeWeaver setup: ignoring JPA class transformer
2026-04-16T14:08:44.824+01:00  INFO 8104 --- [           main] com.zaxxer.hikari.HikariDataSource       : HikariPool-1 - Starting...
2026-04-16T14:08:45.157+01:00  INFO 8104 --- [           main] com.zaxxer.hikari.pool.HikariPool        : HikariPool-1 - Added connection conn0: url=jdbc:h2:mem:agenda user=SA
2026-04-16T14:08:45.160+01:00  INFO 8104 --- [           main] com.zaxxer.hikari.HikariDataSource       : HikariPool-1 - Start completed.
2026-04-16T14:08:45.195+01:00  WARN 8104 --- [           main] org.hibernate.orm.deprecation            : HHH90000025: H2Dialect does not need to be specified explicitly using 'hibernate.dialect' (remove the property setting and it will be selected by default)
2026-04-16T14:08:45.227+01:00  INFO 8104 --- [           main] org.hibernate.orm.connections.pooling    : HHH10001005: Database info:
	Database JDBC URL [jdbc:h2:mem:agenda]
	Database driver: H2 JDBC Driver
	Database dialect: H2Dialect
	Database version: 2.4.240
	Default catalog/schema: AGENDA/PUBLIC
	Autocommit mode: undefined/unknown
	Isolation level: READ_COMMITTED [default READ_COMMITTED]
	JDBC fetch size: 100
	Pool: DataSourceConnectionProvider
	Minimum pool size: undefined/unknown
	Maximum pool size: undefined/unknown
2026-04-16T14:08:46.628+01:00  INFO 8104 --- [           main] org.hibernate.orm.core                   : HHH000489: No JTA platform available (set 'hibernate.transaction.jta.platform' to enable JTA platform integration)
2026-04-16T14:08:46.742+01:00  INFO 8104 --- [           main] j.LocalContainerEntityManagerFactoryBean : Initialized JPA EntityManagerFactory for persistence unit 'default'
2026-04-16T14:08:46.955+01:00  INFO 8104 --- [           main] o.s.d.j.r.query.QueryEnhancerFactories   : Hibernate is in classpath; If applicable, HQL parser will be used.
2026-04-16T14:08:48.655+01:00  WARN 8104 --- [           main] JpaBaseConfiguration$JpaWebConfiguration : spring.jpa.open-in-view is enabled by default. Therefore, database queries may be performed during view rendering. Explicitly configure spring.jpa.open-in-view to disable this warning
2026-04-16T14:08:50.878+01:00  INFO 8104 --- [           main] o.s.b.t.m.w.SpringBootMockServletContext : Initializing Spring TestDispatcherServlet ''
2026-04-16T14:08:50.879+01:00  INFO 8104 --- [           main] o.s.t.web.servlet.TestDispatcherServlet  : Initializing Servlet ''
2026-04-16T14:08:50.896+01:00  INFO 8104 --- [           main] o.s.b.a.e.web.EndpointLinksResolver      : Exposing 1 endpoint beneath base path '/actuator'
2026-04-16T14:08:50.927+01:00  INFO 8104 --- [           main] o.s.t.web.servlet.TestDispatcherServlet  : Completed initialization in 44 ms
2026-04-16T14:08:51.205+01:00  INFO 8104 --- [           main] DiscoveryClientOptionalArgsConfiguration : Eureka HTTP Client uses RestClient.
2026-04-16T14:08:51.252+01:00  WARN 8104 --- [           main] iguration$LoadBalancerCaffeineWarnLogger : Spring Cloud LoadBalancer is currently working with the default cache. While this cache implementation is useful for development and tests, it's recommended to use Caffeine cache in production.You can switch to using Caffeine cache, by adding it and org.springframework.cache.caffeine.CaffeineCacheManager to the classpath.
2026-04-16T14:08:51.336+01:00  INFO 8104 --- [           main] c.a.controller.RendezVousControllerTest  : Started RendezVousControllerTest in 11.98 seconds (process running for 13.848)
]]></system-out>
  </testcase>
</testsuite>