<?xml version="1.0" encoding="UTF-8"?>
<testsuite xmlns:xsi="http://www.w3.org/2001/XMLSchema-instance" xsi:noNamespaceSchemaLocation="https://maven.apache.org/surefire/maven-surefire-plugin/xsd/surefire-test-report.xsd" version="3.0.2" name="tn.esprit.sensorsimulator.SensorSimulatorApplicationTests" time="13.468" tests="1" errors="0" skipped="0" failures="0">
  <properties>
[...]
</properties>
  <testcase name="contextLoads" classname="tn.esprit.sensorsimulator.SensorSimulatorApplicationTests" time="0.32">
    <system-out><![CDATA[20:07:48.047 [main] INFO org.springframework.test.context.support.AnnotationConfigContextLoaderUtils -- Could not detect default configuration classes for test class [tn.esprit.sensorsimulator.SensorSimulatorApplicationTests]: SensorSimulatorApplicationTests does not declare any static, non-private, non-final, nested classes annotated with @Configuration.
20:07:48.204 [main] INFO org.springframework.boot.test.context.SpringBootTestContextBootstrapper -- Found @SpringBootConfiguration tn.esprit.sensorsimulator.SensorSimulatorApplication for test class tn.esprit.sensorsimulator.SensorSimulatorApplicationTests

  .   ____          _            __ _ _
 /\\ / ___'_ __ _ _(_)_ __  __ _ \ \ \ \
( ( )\___ | '_ | '_| | '_ \/ _` | \ \ \ \
 \\/  ___)| |_)| | | | | || (_| |  ) ) ) )
  '  |____| .__|_| |_|_| |_\__, | / / / /
 =========|_|==============|___/=/_/_/_/

 :: Spring Boot ::                (v4.0.2)

20:07:49.159 [main] INFO  t.e.s.SensorSimulatorApplicationTests - Starting SensorSimulatorApplicationTests using Java 17.0.11 with PID 18340 (started by coola in D:\Documents\myProjects\Evermind\EverMind\Backend\SensorSimulator)
20:07:49.161 [main] DEBUG t.e.s.SensorSimulatorApplicationTests - Running with Spring Boot v4.0.2, Spring v7.0.3
20:07:49.161 [main] INFO  t.e.s.SensorSimulatorApplicationTests - No active profile set, falling back to 1 default profile: "default"
20:07:50.592 [main] INFO  o.s.d.r.c.RepositoryConfigurationDelegate - Bootstrapping Spring Data JPA repositories in DEFAULT mode.
20:07:50.833 [main] INFO  o.s.d.r.c.RepositoryConfigurationDelegate - Finished Spring Data repository scanning in 213 ms. Found 4 JPA repository interfaces.
20:07:51.322 [main] INFO  o.s.cloud.context.scope.GenericScope - BeanFactory id=010d4417-d3c6-3cc6-a221-cdce1ac31ba0
20:07:51.831 [main] INFO  org.hibernate.orm.jpa - HHH008540: Processing PersistenceUnitInfo [name: default]
20:07:51.948 [main] INFO  org.hibernate.orm.core - HHH000001: Hibernate ORM core version 7.2.1.Final
20:07:52.708 [main] INFO  o.s.o.j.p.SpringPersistenceUnitInfo - No LoadTimeWeaver setup: ignoring JPA class transformer
20:07:52.747 [main] INFO  com.zaxxer.hikari.HikariDataSource - HikariPool-1 - Starting...
20:07:54.122 [main] INFO  com.zaxxer.hikari.pool.HikariPool - HikariPool-1 - Added connection org.postgresql.jdbc.PgConnection@7d4e424e
20:07:54.123 [main] INFO  com.zaxxer.hikari.HikariDataSource - HikariPool-1 - Start completed.
20:07:54.365 [main] WARN  org.hibernate.orm.deprecation - HHH90000025: PostgreSQLDialect does not need to be specified explicitly using 'hibernate.dialect' (remove the property setting and it will be selected by default)
20:07:54.460 [main] INFO  o.hibernate.orm.connections.pooling - HHH10001005: Database info:
	Database JDBC URL [jdbc:postgresql://localhost:5432/SensorSimulator]
	Database driver: PostgreSQL JDBC Driver
	Database dialect: PostgreSQLDialect
	Database version: 17.4
	Default catalog/schema: SensorSimulator/public
	Autocommit mode: undefined/unknown
	Isolation level: READ_COMMITTED [default READ_COMMITTED]
	JDBC fetch size: none
	Pool: DataSourceConnectionProvider
	Minimum pool size: undefined/unknown
	Maximum pool size: undefined/unknown
20:07:55.586 [main] INFO  org.hibernate.orm.core - HHH000489: No JTA platform available (set 'hibernate.transaction.jta.platform' to enable JTA platform integration)
Hibernate: create table seed_logs (id bigint generated by default as identity, entity_id bigint not null, entity_type varchar(255) not null, seeded_at timestamp(6) not null, primary key (id))
20:07:56.224 [main] INFO  o.s.o.j.LocalContainerEntityManagerFactoryBean - Initialized JPA EntityManagerFactory for persistence unit 'default'
20:07:56.326 [main] INFO  o.s.d.j.r.q.QueryEnhancerFactories - Hibernate is in classpath; If applicable, HQL parser will be used.
20:07:57.378 [main] INFO  t.e.s.Service.SimulationEngine - ? SimulationEngine auto-starting (simulation.auto-start=true)
20:07:57.466 [main] WARN  o.s.b.j.a.JpaBaseConfiguration$JpaWebConfiguration - spring.jpa.open-in-view is enabled by default. Therefore, database queries may be performed during view rendering. Explicitly configure spring.jpa.open-in-view to disable this warning
20:07:57.538 [main] INFO  o.s.v.b.OptionalValidatorFactoryBean - Failed to set up a Bean Validation provider: jakarta.validation.NoProviderFoundException: Unable to create a Configuration, because no Jakarta Validation provider could be found. Add a provider like Hibernate Validator (RI) to your classpath.
20:07:59.554 [main] INFO  o.s.c.n.e.c.DiscoveryClientOptionalArgsConfiguration - Eureka HTTP Client uses RestClient.
20:07:59.652 [main] WARN  o.s.c.l.c.LoadBalancerCacheAutoConfiguration$LoadBalancerCaffeineWarnLogger - Spring Cloud LoadBalancer is currently working with the default cache. While this cache implementation is useful for development and tests, it's recommended to use Caffeine cache in production.You can switch to using Caffeine cache, by adding it and org.springframework.cache.caffeine.CaffeineCacheManager to the classpath.
20:07:59.662 [main] INFO  o.s.b.a.e.web.EndpointLinksResolver - Exposing 17 endpoints beneath base path '/actuator'
20:07:59.813 [main] INFO  o.s.c.n.eureka.InstanceInfoFactory - Setting initial instance status as: STARTING
20:07:59.843 [main] INFO  c.netflix.discovery.DiscoveryClient - Initializing Eureka in region us-east-1
20:07:59.847 [main] INFO  c.n.d.s.r.aws.ConfigClusterResolver - Resolving eureka endpoints via configuration
20:07:59.861 [main] INFO  c.netflix.discovery.DiscoveryClient - Disable delta property : false
20:07:59.861 [main] INFO  c.netflix.discovery.DiscoveryClient - Single vip registry refresh property : null
20:07:59.861 [main] INFO  c.netflix.discovery.DiscoveryClient - Force full registry fetch : false
20:07:59.861 [main] INFO  c.netflix.discovery.DiscoveryClient - Application is null : false
20:07:59.863 [main] INFO  c.netflix.discovery.DiscoveryClient - Registered Applications size is zero : true
20:07:59.863 [main] INFO  c.netflix.discovery.DiscoveryClient - Application version is -1: true
20:07:59.863 [main] INFO  c.netflix.discovery.DiscoveryClient - Getting all instance registry info from the eureka server
20:08:00.135 [main] INFO  c.netflix.discovery.DiscoveryClient - The response status is 200
20:08:00.137 [main] INFO  c.netflix.discovery.DiscoveryClient - Starting heartbeat executor: renew interval is: 30
20:08:00.139 [main] INFO  c.n.discovery.InstanceInfoReplicator - InstanceInfoReplicator onDemand update allowed rate per min is 4
20:08:00.141 [main] INFO  c.netflix.discovery.DiscoveryClient - Discovery Client initialized at timestamp 1776884880140 with initial instances count: 4
20:08:00.143 [main] INFO  o.s.c.n.e.s.EurekaServiceRegistry - Registering application SENSORSIMULATOR with eureka with status UP
20:08:00.144 [main] INFO  c.netflix.discovery.DiscoveryClient - Saw local status change event StatusChangeEvent [timestamp=1776884880144, current=UP, previous=STARTING]
20:08:00.145 [DiscoveryClient-InstanceInfoReplicator-%d] INFO  c.netflix.discovery.DiscoveryClient - DiscoveryClient_SENSORSIMULATOR/host.docker.internal:SensorSimulator:8089: registering service...
20:08:00.165 [scheduling-1] INFO  t.e.s.Service.SimulationEngine - ??????????????????????????????????????????????????
20:08:00.168 [main] INFO  t.e.s.SensorSimulatorApplicationTests - Started SensorSimulatorApplicationTests in 11.572 seconds (process running for 13.188)
20:08:00.166 [scheduling-1] INFO  t.e.s.Service.SimulationEngine - ? SIMULATION CYCLE #1 started at 2026-04-22T20:08:00.166840600
20:08:00.228 [DiscoveryClient-InstanceInfoReplicator-%d] INFO  c.netflix.discovery.DiscoveryClient - DiscoveryClient_SENSORSIMULATOR/host.docker.internal:SensorSimulator:8089 - registration status: 204
Hibernate: select count(*) from sensors s1_0
Hibernate: select s1_0.id,s1_0.base_latitude,s1_0.base_longitude,s1_0.geofence_radius,s1_0.installed_at,s1_0.patient_id,s1_0.sensor_code,s1_0.sensor_type,s1_0.status from sensors s1_0 where s1_0.status=?
Hibernate: select count(*) from sensors s1_0
20:08:00.929 [main] INFO  t.e.s.Config.DataSeeder - ? Database already has 100 sensors. Skipping seeding.
20:08:00.945 [scheduling-1] INFO  t.e.s.Service.SimulationEngine - ? Processing 100 active sensors
20:08:00.945 [scheduling-1] DEBUG t.e.s.Service.SimulationEngine - ? Processing sensor: id=1, type=HEART_RATE_MONITOR, patientId=1
20:08:00.946 [scheduling-1] INFO  t.e.s.Service.SimulationEngine - ? [HEART_RATE] patientId=1 | bpm=71.4 | anomalous=false
Hibernate: insert into sensor_readings (accelerationx,accelerationy,accelerationz,heart_rate,is_anomalous,latitude,longitude,medication_box_opened,motion_detected,patient_id,sensor_id,timestamp) values (?,?,?,?,?,?,?,?,?,?,?,?)
]]></system-out>
  </testcase>
</testsuite>