<?xml version="1.0" encoding="UTF-8"?>
<testsuite xmlns:xsi="http://www.w3.org/2001/XMLSchema-instance" xsi:noNamespaceSchemaLocation="https://maven.apache.org/surefire/maven-surefire-plugin/xsd/surefire-test-report.xsd" version="3.0.2" name="tn.esprit.sensorsimulator.SensorSimulatorApplicationTests" time="13.839" tests="1" errors="0" skipped="0" failures="0">
  <properties>
[...]
</properties>
  <testcase name="contextLoads" classname="tn.esprit.sensorsimulator.SensorSimulatorApplicationTests" time="0.366">
    <system-out><![CDATA[12:36:48.993 [main] INFO org.springframework.test.context.support.AnnotationConfigContextLoaderUtils -- Could not detect default configuration classes for test class [tn.esprit.sensorsimulator.SensorSimulatorApplicationTests]: SensorSimulatorApplicationTests does not declare any static, non-private, non-final, nested classes annotated with @Configuration.
12:36:49.267 [main] INFO org.springframework.boot.test.context.SpringBootTestContextBootstrapper -- Found @SpringBootConfiguration tn.esprit.sensorsimulator.SensorSimulatorApplication for test class tn.esprit.sensorsimulator.SensorSimulatorApplicationTests

  .   ____          _            __ _ _
 /\\ / ___'_ __ _ _(_)_ __  __ _ \ \ \ \
( ( )\___ | '_ | '_| | '_ \/ _` | \ \ \ \
 \\/  ___)| |_)| | | | | || (_| |  ) ) ) )
  '  |____| .__|_| |_|_| |_\__, | / / / /
 =========|_|==============|___/=/_/_/_/

 :: Spring Boot ::                (v4.0.2)

12:36:50.521 [main] INFO  t.e.s.SensorSimulatorApplicationTests - Starting SensorSimulatorApplicationTests using Java 17.0.11 with PID 23468 (started by coola in D:\Documents\myProjects\EverMind\EverMind\Backend\SensorSimulator)
12:36:50.522 [main] DEBUG t.e.s.SensorSimulatorApplicationTests - Running with Spring Boot v4.0.2, Spring v7.0.3
12:36:50.523 [main] INFO  t.e.s.SensorSimulatorApplicationTests - No active profile set, falling back to 1 default profile: "default"
12:36:52.272 [main] INFO  o.s.d.r.c.RepositoryConfigurationDelegate - Bootstrapping Spring Data JPA repositories in DEFAULT mode.
12:36:52.553 [main] INFO  o.s.d.r.c.RepositoryConfigurationDelegate - Finished Spring Data repository scanning in 258 ms. Found 4 JPA repository interfaces.
12:36:53.085 [main] INFO  o.s.cloud.context.scope.GenericScope - BeanFactory id=34f6e36c-b4c7-3f19-b6ab-62982ebc89ab
12:36:53.770 [main] INFO  org.hibernate.orm.jpa - HHH008540: Processing PersistenceUnitInfo [name: default]
12:36:53.926 [main] INFO  org.hibernate.orm.core - HHH000001: Hibernate ORM core version 7.2.1.Final
12:36:54.939 [main] INFO  o.s.o.j.p.SpringPersistenceUnitInfo - No LoadTimeWeaver setup: ignoring JPA class transformer
12:36:54.996 [main] INFO  com.zaxxer.hikari.HikariDataSource - HikariPool-1 - Starting...
12:36:55.376 [main] INFO  com.zaxxer.hikari.pool.HikariPool - HikariPool-1 - Added connection conn0: url=jdbc:h2:mem:testdb user=SA
12:36:55.379 [main] INFO  com.zaxxer.hikari.HikariDataSource - HikariPool-1 - Start completed.
12:36:55.417 [main] WARN  org.hibernate.orm.core - HHH000511: The 2.4.240 version for [org.hibernate.dialect.PostgreSQLDialect] is no longer supported, hence certain features may not work properly.The minimum supported version is 13.0.0. Check the community dialects project for available legacy versions.
12:36:55.421 [main] WARN  org.hibernate.orm.deprecation - HHH90000025: PostgreSQLDialect does not need to be specified explicitly using 'hibernate.dialect' (remove the property setting and it will be selected by default)
12:36:55.451 [main] INFO  o.hibernate.orm.connections.pooling - HHH10001005: Database info:
	Database JDBC URL [jdbc:h2:mem:testdb]
	Database driver: H2 JDBC Driver
	Database dialect: PostgreSQLDialect
	Database version: 2.4.240
	Default catalog/schema: TESTDB/PUBLIC
	Autocommit mode: undefined/unknown
	Isolation level: READ_COMMITTED [default READ_COMMITTED]
	JDBC fetch size: 100
	Pool: DataSourceConnectionProvider
	Minimum pool size: undefined/unknown
	Maximum pool size: undefined/unknown
12:36:56.908 [main] INFO  org.hibernate.orm.core - HHH000489: No JTA platform available (set 'hibernate.transaction.jta.platform' to enable JTA platform integration)
Hibernate: create table abnormal_events (id bigint generated by default as identity, alert_id bigint, alert_sent boolean not null, description TEXT, detected_at timestamp(6) not null, event_type varchar(255) not null check ((event_type in ('FALL','CARDIAC_ANOMALY','GEOFENCE_BREACH','MISSED_MEDICATION','PROLONGED_INACTIVITY','SOS_TRIGGERED'))), patient_id bigint not null, raw_reading_id bigint, sensor_id bigint not null, primary key (id))
Hibernate: create table seed_logs (id bigint generated by default as identity, entity_id bigint not null, entity_type varchar(255) not null, seeded_at timestamp(6) not null, primary key (id))
Hibernate: create table sensor_readings (id bigint generated by default as identity, accelerationx float(53), accelerationy float(53), accelerationz float(53), heart_rate float(53), is_anomalous boolean not null, latitude float(53), longitude float(53), medication_box_opened boolean, motion_detected boolean, patient_id bigint not null, sensor_id bigint not null, timestamp timestamp(6) not null, primary key (id))
Hibernate: create table sensors (id bigint generated by default as identity, base_latitude float(53), base_longitude float(53), geofence_radius integer, installed_at timestamp(6), patient_id bigint not null, sensor_code varchar(255) not null, sensor_type varchar(255) not null check ((sensor_type in ('HEART_RATE_MONITOR','ACCELEROMETER','GPS_TRACKER','MEDICATION_BOX','MOTION_DETECTOR'))), status varchar(255) not null check ((status in ('ACTIVE','INACTIVE','MALFUNCTION'))), primary key (id))
Hibernate: create index idx_event_patient on abnormal_events (patient_id)
Hibernate: create index idx_event_detected on abnormal_events (detected_at)
Hibernate: create index idx_reading_patient on sensor_readings (patient_id)
Hibernate: create index idx_reading_sensor on sensor_readings (sensor_id)
Hibernate: create index idx_reading_timestamp on sensor_readings (timestamp)
Hibernate: alter table if exists sensors drop constraint if exists UKdd7b5fxu6ns8r34qjvghhubn9
Hibernate: alter table if exists sensors add constraint UKdd7b5fxu6ns8r34qjvghhubn9 unique (sensor_code)
12:36:57.058 [main] INFO  o.s.o.j.LocalContainerEntityManagerFactoryBean - Initialized JPA EntityManagerFactory for persistence unit 'default'
12:36:57.190 [main] INFO  o.s.d.j.r.q.QueryEnhancerFactories - Hibernate is in classpath; If applicable, HQL parser will be used.
12:36:58.384 [main] INFO  t.e.s.Service.SimulationEngine - ? SimulationEngine auto-starting (simulation.auto-start=true)
12:36:58.498 [main] WARN  o.s.b.j.a.JpaBaseConfiguration$JpaWebConfiguration - spring.jpa.open-in-view is enabled by default. Therefore, database queries may be performed during view rendering. Explicitly configure spring.jpa.open-in-view to disable this warning
12:36:58.580 [main] INFO  o.s.v.b.OptionalValidatorFactoryBean - Failed to set up a Bean Validation provider: jakarta.validation.NoProviderFoundException: Unable to create a Configuration, because no Jakarta Validation provider could be found. Add a provider like Hibernate Validator (RI) to your classpath.
12:37:00.426 [main] INFO  o.s.c.n.e.c.DiscoveryClientOptionalArgsConfiguration - Eureka HTTP Client uses RestClient.
12:37:00.516 [main] WARN  o.s.c.l.c.LoadBalancerCacheAutoConfiguration$LoadBalancerCaffeineWarnLogger - Spring Cloud LoadBalancer is currently working with the default cache. While this cache implementation is useful for development and tests, it's recommended to use Caffeine cache in production.You can switch to using Caffeine cache, by adding it and org.springframework.cache.caffeine.CaffeineCacheManager to the classpath.
12:37:00.527 [main] INFO  o.s.b.a.e.web.EndpointLinksResolver - Exposing 16 endpoints beneath base path '/actuator'
12:37:00.651 [main] INFO  t.e.s.SensorSimulatorApplicationTests - Started SensorSimulatorApplicationTests in 10.884 seconds (process running for 14.344)
12:37:00.659 [scheduling-1] INFO  t.e.s.Service.SimulationEngine - ??????????????????????????????????????????????????
12:37:00.659 [scheduling-1] INFO  t.e.s.Service.SimulationEngine - ? SIMULATION CYCLE #1 started at 2026-05-07T12:37:00.659717200
Hibernate: select count(*) from sensors s1_0
Hibernate: select s1_0.id,s1_0.base_latitude,s1_0.base_longitude,s1_0.geofence_radius,s1_0.installed_at,s1_0.patient_id,s1_0.sensor_code,s1_0.sensor_type,s1_0.status from sensors s1_0 where s1_0.status=?
12:37:01.365 [main] INFO  t.e.s.Config.DataSeeder - ? ==========================================
12:37:01.366 [main] INFO  t.e.s.Config.DataSeeder - ?  SEEDING DEMO SENSOR DATA (20 PATIENTS)
12:37:01.366 [main] INFO  t.e.s.Config.DataSeeder - ? ==========================================
12:37:01.366 [main] INFO  t.e.s.Config.DataSeeder - ? Seeding sensors for patientId=1...
12:37:01.367 [scheduling-1] INFO  t.e.s.Service.SimulationEngine - ? Processing 0 active sensors
12:37:01.367 [scheduling-1] WARN  t.e.s.Service.SimulationEngine - ?? No active sensors found. Skipping cycle.
Hibernate: select s1_0.id from sensors s1_0 where s1_0.sensor_code=? fetch first ? rows only
Hibernate: insert into sensors (base_latitude,base_longitude,geofence_radius,installed_at,patient_id,sensor_code,sensor_type,status) values (?,?,?,?,?,?,?,?)
12:37:01.469 [main] INFO  t.e.s.Config.DataSeeder - ? Seeded sensor: HR-001
Hibernate: select s1_0.id from sensors s1_0 where s1_0.sensor_code=? fetch first ? rows only
Hibernate: insert into sensors (base_latitude,base_longitude,geofence_radius,installed_at,patient_id,sensor_code,sensor_type,status) values (?,?,?,?,?,?,?,?)
12:37:01.475 [main] INFO  t.e.s.Config.DataSeeder - ? Seeded sensor: ACC-001
Hibernate: select s1_0.id from sensors s1_0 where s1_0.sensor_code=? fetch first ? rows only
Hibernate: insert into sensors (base_latitude,base_longitude,geofence_radius,installed_at,patient_id,sensor_code,sensor_type,status) values (?,?,?,?,?,?,?,?)
12:37:01.480 [main] INFO  t.e.s.Config.DataSeeder - ? Seeded sensor: GPS-001
Hibernate: select s1_0.id from sensors s1_0 where s1_0.sensor_code=? fetch first ? rows only
Hibernate: insert into sensors (base_latitude,base_longitude,geofence_radius,installed_at,patient_id,sensor_code,sensor_type,status) values (?,?,?,?,?,?,?,?)
12:37:01.484 [main] INFO  t.e.s.Config.DataSeeder - ? Seeded sensor: MED-001
Hibernate: select s1_0.id from sensors s1_0 where s1_0.sensor_code=? fetch first ? rows only
Hibernate: insert into sensors (base_latitude,base_longitude,geofence_radius,installed_at,patient_id,sensor_code,sensor_type,status) values (?,?,?,?,?,?,?,?)
12:37:01.488 [main] INFO  t.e.s.Config.DataSeeder - ? Seeded sensor: MOT-001
12:37:01.489 [main] INFO  t.e.s.Config.DataSeeder - ? Seeding sensors for patientId=2...
Hibernate: select s1_0.id from sensors s1_0 where s1_0.sensor_code=? fetch first ? rows only
Hibernate: insert into sensors (base_latitude,base_longitude,geofence_radius,installed_at,patient_id,sensor_code,sensor_type,status) values (?,?,?,?,?,?,?,?)
12:37:01.493 [main] INFO  t.e.s.Config.DataSeeder - ? Seeded sensor: HR-002
Hibernate: select s1_0.id from sensors s1_0 where s1_0.sensor_code=? fetch first ? rows only
Hibernate: insert into sensors (base_latitude,base_longitude,geofence_radius,installed_at,patient_id,sensor_code,sensor_type,status) values (?,?,?,?,?,?,?,?)
12:37:01.498 [main] INFO  t.e.s.Config.DataSeeder - ? Seeded sensor: ACC-002
Hibernate: select s1_0.id from sensors s1_0 where s1_0.sensor_code=? fetch first ? rows only
Hibernate: insert into sensors (base_latitude,base_longitude,geofence_radius,installed_at,patient_id,sensor_code,sensor_type,status) values (?,?,?,?,?,?,?,?)
12:37:01.501 [main] INFO  t.e.s.Config.DataSeeder - ? Seeded sensor: GPS-002
Hibernate: select s1_0.id from sensors s1_0 where s1_0.sensor_code=? fetch first ? rows only
Hibernate: insert into sensors (base_latitude,base_longitude,geofence_radius,installed_at,patient_id,sensor_code,sensor_type,status) values (?,?,?,?,?,?,?,?)
12:37:01.505 [main] INFO  t.e.s.Config.DataSeeder - ? Seeded sensor: MED-002
Hibernate: select s1_0.id from sensors s1_0 where s1_0.sensor_code=? fetch first ? rows only
Hibernate: insert into sensors (base_latitude,base_longitude,geofence_radius,installed_at,patient_id,sensor_code,sensor_type,status) values (?,?,?,?,?,?,?,?)
12:37:01.508 [main] INFO  t.e.s.Config.DataSeeder - ? Seeded sensor: MOT-002
12:37:01.508 [main] INFO  t.e.s.Config.DataSeeder - ? Seeding sensors for patientId=3...
Hibernate: select s1_0.id from sensors s1_0 where s1_0.sensor_code=? fetch first ? rows only
Hibernate: insert into sensors (base_latitude,base_longitude,geofence_radius,installed_at,patient_id,sensor_code,sensor_type,status) values (?,?,?,?,?,?,?,?)
12:37:01.514 [main] INFO  t.e.s.Config.DataSeeder - ? Seeded sensor: HR-003
Hibernate: select s1_0.id from sensors s1_0 where s1_0.sensor_code=? fetch first ? rows only
Hibernate: insert into sensors (base_latitude,base_longitude,geofence_radius,installed_at,patient_id,sensor_code,sensor_type,status) values (?,?,?,?,?,?,?,?)
12:37:01.518 [main] INFO  t.e.s.Config.DataSeeder - ? Seeded sensor: ACC-003
Hibernate: select s1_0.id from sensors s1_0 where s1_0.sensor_code=? fetch first ? rows only
Hibernate: insert into sensors (base_latitude,base_longitude,geofence_radius,installed_at,patient_id,sensor_code,sensor_type,status) values (?,?,?,?,?,?,?,?)
12:37:01.521 [main] INFO  t.e.s.Config.DataSeeder - ? Seeded sensor: GPS-003
Hibernate: select s1_0.id from sensors s1_0 where s1_0.sensor_code=? fetch first ? rows only
Hibernate: insert into sensors (base_latitude,base_longitude,geofence_radius,installed_at,patient_id,sensor_code,sensor_type,status) values (?,?,?,?,?,?,?,?)
12:37:01.527 [main] INFO  t.e.s.Config.DataSeeder - ? Seeded sensor: MED-003
Hibernate: select s1_0.id from sensors s1_0 where s1_0.sensor_code=? fetch first ? rows only
Hibernate: insert into sensors (base_latitude,base_longitude,geofence_radius,installed_at,patient_id,sensor_code,sensor_type,status) values (?,?,?,?,?,?,?,?)
12:37:01.533 [main] INFO  t.e.s.Config.DataSeeder - ? Seeded sensor: MOT-003
12:37:01.533 [main] INFO  t.e.s.Config.DataSeeder - ? Seeding sensors for patientId=4...
Hibernate: select s1_0.id from sensors s1_0 where s1_0.sensor_code=? fetch first ? rows only
Hibernate: insert into sensors (base_latitude,base_longitude,geofence_radius,installed_at,patient_id,sensor_code,sensor_type,status) values (?,?,?,?,?,?,?,?)
12:37:01.538 [main] INFO  t.e.s.Config.DataSeeder - ? Seeded sensor: HR-004
Hibernate: select s1_0.id from sensors s1_0 where s1_0.sensor_code=? fetch first ? rows only
Hibernate: insert into sensors (base_latitude,base_longitude,geofence_radius,installed_at,patient_id,sensor_code,sensor_type,status) values (?,?,?,?,?,?,?,?)
12:37:01.543 [main] INFO  t.e.s.Config.DataSeeder - ? Seeded sensor: ACC-004
Hibernate: select s1_0.id from sensors s1_0 where s1_0.sensor_code=? fetch first ? rows only
Hibernate: insert into sensors (base_latitude,base_longitude,geofence_radius,installed_at,patient_id,sensor_code,sensor_type,status) values (?,?,?,?,?,?,?,?)
12:37:01.547 [main] INFO  t.e.s.Config.DataSeeder - ? Seeded sensor: GPS-004
Hibernate: select s1_0.id from sensors s1_0 where s1_0.sensor_code=? fetch first ? rows only
Hibernate: insert into sensors (base_latitude,base_longitude,geofence_radius,installed_at,patient_id,sensor_code,sensor_type,status) values (?,?,?,?,?,?,?,?)
12:37:01.551 [main] INFO  t.e.s.Config.DataSeeder - ? Seeded sensor: MED-004
Hibernate: select s1_0.id from sensors s1_0 where s1_0.sensor_code=? fetch first ? rows only
Hibernate: insert into sensors (base_latitude,base_longitude,geofence_radius,installed_at,patient_id,sensor_code,sensor_type,status) values (?,?,?,?,?,?,?,?)
12:37:01.554 [main] INFO  t.e.s.Config.DataSeeder - ? Seeded sensor: MOT-004
12:37:01.554 [main] INFO  t.e.s.Config.DataSeeder - ? Seeding sensors for patientId=5...
Hibernate: select s1_0.id from sensors s1_0 where s1_0.sensor_code=? fetch first ? rows only
Hibernate: insert into sensors (base_latitude,base_longitude,geofence_radius,installed_at,patient_id,sensor_code,sensor_type,status) values (?,?,?,?,?,?,?,?)
12:37:01.557 [main] INFO  t.e.s.Config.DataSeeder - ? Seeded sensor: HR-005
Hibernate: select s1_0.id from sensors s1_0 where s1_0.sensor_code=? fetch first ? rows only
Hibernate: insert into sensors (base_latitude,base_longitude,geofence_radius,installed_at,patient_id,sensor_code,sensor_type,status) values (?,?,?,?,?,?,?,?)
12:37:01.562 [main] INFO  t.e.s.Config.DataSeeder - ? Seeded sensor: ACC-005
Hibernate: select s1_0.id from sensors s1_0 where s1_0.sensor_code=? fetch first ? rows only
Hibernate: insert into sensors (base_latitude,base_longitude,geofence_radius,installed_at,patient_id,sensor_code,sensor_type,status) values (?,?,?,?,?,?,?,?)
12:37:01.566 [main] INFO  t.e.s.Config.DataSeeder - ? Seeded sensor: GPS-005
Hibernate: select s1_0.id from sensors s1_0 where s1_0.sensor_code=? fetch first ? rows only
Hibernate: insert into sensors (base_latitude,base_longitude,geofence_radius,installed_at,patient_id,sensor_code,sensor_type,status) values (?,?,?,?,?,?,?,?)
12:37:01.569 [main] INFO  t.e.s.Config.DataSeeder - ? Seeded sensor: MED-005
Hibernate: select s1_0.id from sensors s1_0 where s1_0.sensor_code=? fetch first ? rows only
Hibernate: insert into sensors (base_latitude,base_longitude,geofence_radius,installed_at,patient_id,sensor_code,sensor_type,status) values (?,?,?,?,?,?,?,?)
12:37:01.572 [main] INFO  t.e.s.Config.DataSeeder - ? Seeded sensor: MOT-005
12:37:01.572 [main] INFO  t.e.s.Config.DataSeeder - ? Seeding sensors for patientId=6...
Hibernate: select s1_0.id from sensors s1_0 where s1_0.sensor_code=? fetch first ? rows only
Hibernate: insert into sensors (base_latitude,base_longitude,geofence_radius,installed_at,patient_id,sensor_code,sensor_type,status) values (?,?,?,?,?,?,?,?)
12:37:01.576 [main] INFO  t.e.s.Config.DataSeeder - ? Seeded sensor: HR-006
Hibernate: select s1_0.id from sensors s1_0 where s1_0.sensor_code=? fetch first ? rows only
Hibernate: insert into sensors (base_latitude,base_longitude,geofence_radius,installed_at,patient_id,sensor_code,sensor_type,status) values (?,?,?,?,?,?,?,?)
12:37:01.580 [main] INFO  t.e.s.Config.DataSeeder - ? Seeded sensor: ACC-006
Hibernate: select s1_0.id from sensors s1_0 where s1_0.sensor_code=? fetch first ? rows only
Hibernate: insert into sensors (base_latitude,base_longitude,geofence_radius,installed_at,patient_id,sensor_code,sensor_type,status) values (?,?,?,?,?,?,?,?)
12:37:01.584 [main] INFO  t.e.s.Config.DataSeeder - ? Seeded sensor: GPS-006
Hibernate: select s1_0.id from sensors s1_0 where s1_0.sensor_code=? fetch first ? rows only
Hibernate: insert into sensors (base_latitude,base_longitude,geofence_radius,installed_at,patient_id,sensor_code,sensor_type,status) values (?,?,?,?,?,?,?,?)
12:37:01.589 [main] INFO  t.e.s.Config.DataSeeder - ? Seeded sensor: MED-006
Hibernate: select s1_0.id from sensors s1_0 where s1_0.sensor_code=? fetch first ? rows only
Hibernate: insert into sensors (base_latitude,base_longitude,geofence_radius,installed_at,patient_id,sensor_code,sensor_type,status) values (?,?,?,?,?,?,?,?)
12:37:01.593 [main] INFO  t.e.s.Config.DataSeeder - ? Seeded sensor: MOT-006
12:37:01.593 [main] INFO  t.e.s.Config.DataSeeder - ? Seeding sensors for patientId=7...
Hibernate: select s1_0.id from sensors s1_0 where s1_0.sensor_code=? fetch first ? rows only
Hibernate: insert into sensors (base_latitude,base_longitude,geofence_radius,installed_at,patient_id,sensor_code,sensor_type,status) values (?,?,?,?,?,?,?,?)
12:37:01.597 [main] INFO  t.e.s.Config.DataSeeder - ? Seeded sensor: HR-007
Hibernate: select s1_0.id from sensors s1_0 where s1_0.sensor_code=? fetch first ? rows only
Hibernate: insert into sensors (base_latitude,base_longitude,geofence_radius,installed_at,patient_id,sensor_code,sensor_type,status) values (?,?,?,?,?,?,?,?)
12:37:01.601 [main] INFO  t.e.s.Config.DataSeeder - ? Seeded sensor: ACC-007
Hibernate: select s1_0.id from sensors s1_0 where s1_0.sensor_code=? fetch first ? rows only
Hibernate: insert into sensors (base_latitude,base_longitude,geofence_radius,installed_at,patient_id,sensor_code,sensor_type,status) values (?,?,?,?,?,?,?,?)
12:37:01.605 [main] INFO  t.e.s.Config.DataSeeder - ? Seeded sensor: GPS-007
Hibernate: select s1_0.id from sensors s1_0 where s1_0.sensor_code=? fetch first ? rows only
Hibernate: insert into sensors (base_latitude,base_longitude,geofence_radius,installed_at,patient_id,sensor_code,sensor_type,status) values (?,?,?,?,?,?,?,?)
12:37:01.608 [main] INFO  t.e.s.Config.DataSeeder - ? Seeded sensor: MED-007
Hibernate: select s1_0.id from sensors s1_0 where s1_0.sensor_code=? fetch first ? rows only
Hibernate: insert into sensors (base_latitude,base_longitude,geofence_radius,installed_at,patient_id,sensor_code,sensor_type,status) values (?,?,?,?,?,?,?,?)
12:37:01.611 [main] INFO  t.e.s.Config.DataSeeder - ? Seeded sensor: MOT-007
12:37:01.611 [main] INFO  t.e.s.Config.DataSeeder - ? Seeding sensors for patientId=8...
Hibernate: select s1_0.id from sensors s1_0 where s1_0.sensor_code=? fetch first ? rows only
Hibernate: insert into sensors (base_latitude,base_longitude,geofence_radius,installed_at,patient_id,sensor_code,sensor_type,status) values (?,?,?,?,?,?,?,?)
12:37:01.615 [main] INFO  t.e.s.Config.DataSeeder - ? Seeded sensor: HR-008
Hibernate: select s1_0.id from sensors s1_0 where s1_0.sensor_code=? fetch first ? rows only
Hibernate: insert into sensors (base_latitude,base_longitude,geofence_radius,installed_at,patient_id,sensor_code,sensor_type,status) values (?,?,?,?,?,?,?,?)
12:37:01.618 [main] INFO  t.e.s.Config.DataSeeder - ? Seeded sensor: ACC-008
Hibernate: select s1_0.id from sensors s1_0 where s1_0.sensor_code=? fetch first ? rows only
Hibernate: insert into sensors (base_latitude,base_longitude,geofence_radius,installed_at,patient_id,sensor_code,sensor_type,status) values (?,?,?,?,?,?,?,?)
12:37:01.622 [main] INFO  t.e.s.Config.DataSeeder - ? Seeded sensor: GPS-008
Hibernate: select s1_0.id from sensors s1_0 where s1_0.sensor_code=? fetch first ? rows only
Hibernate: insert into sensors (base_latitude,base_longitude,geofence_radius,installed_at,patient_id,sensor_code,sensor_type,status) values (?,?,?,?,?,?,?,?)
12:37:01.626 [main] INFO  t.e.s.Config.DataSeeder - ? Seeded sensor: MED-008
Hibernate: select s1_0.id from sensors s1_0 where s1_0.sensor_code=? fetch first ? rows only
Hibernate: insert into sensors (base_latitude,base_longitude,geofence_radius,installed_at,patient_id,sensor_code,sensor_type,status) values (?,?,?,?,?,?,?,?)
12:37:01.632 [main] INFO  t.e.s.Config.DataSeeder - ? Seeded sensor: MOT-008
12:37:01.632 [main] INFO  t.e.s.Config.DataSeeder - ? Seeding sensors for patientId=9...
Hibernate: select s1_0.id from sensors s1_0 where s1_0.sensor_code=? fetch first ? rows only
Hibernate: insert into sensors (base_latitude,base_longitude,geofence_radius,installed_at,patient_id,sensor_code,sensor_type,status) values (?,?,?,?,?,?,?,?)
12:37:01.635 [main] INFO  t.e.s.Config.DataSeeder - ? Seeded sensor: HR-009
Hibernate: select s1_0.id from sensors s1_0 where s1_0.sensor_code=? fetch first ? rows only
Hibernate: insert into sensors (base_latitude,base_longitude,geofence_radius,installed_at,patient_id,sensor_code,sensor_type,status) values (?,?,?,?,?,?,?,?)
12:37:01.640 [main] INFO  t.e.s.Config.DataSeeder - ? Seeded sensor: ACC-009
Hibernate: select s1_0.id from sensors s1_0 where s1_0.sensor_code=? fetch first ? rows only
Hibernate: insert into sensors (base_latitude,base_longitude,geofence_radius,installed_at,patient_id,sensor_code,sensor_type,status) values (?,?,?,?,?,?,?,?)
12:37:01.645 [main] INFO  t.e.s.Config.DataSeeder - ? Seeded sensor: GPS-009
Hibernate: select s1_0.id from sensors s1_0 where s1_0.sensor_code=? fetch first ? rows only
Hibernate: insert into sensors (base_latitude,base_longitude,geofence_radius,installed_at,patient_id,sensor_code,sensor_type,status) values (?,?,?,?,?,?,?,?)
12:37:01.648 [main] INFO  t.e.s.Config.DataSeeder - ? Seeded sensor: MED-009
Hibernate: select s1_0.id from sensors s1_0 where s1_0.sensor_code=? fetch first ? rows only
Hibernate: insert into sensors (base_latitude,base_longitude,geofence_radius,installed_at,patient_id,sensor_code,sensor_type,status) values (?,?,?,?,?,?,?,?)
12:37:01.651 [main] INFO  t.e.s.Config.DataSeeder - ? Seeded sensor: MOT-009
12:37:01.651 [main] INFO  t.e.s.Config.DataSeeder - ? Seeding sensors for patientId=10...
Hibernate: select s1_0.id from sensors s1_0 where s1_0.sensor_code=? fetch first ? rows only
Hibernate: insert into sensors (base_latitude,base_longitude,geofence_radius,installed_at,patient_id,sensor_code,sensor_type,status) values (?,?,?,?,?,?,?,?)
12:37:01.653 [main] INFO  t.e.s.Config.DataSeeder - ? Seeded sensor: HR-010
Hibernate: select s1_0.id from sensors s1_0 where s1_0.sensor_code=? fetch first ? rows only
Hibernate: insert into sensors (base_latitude,base_longitude,geofence_radius,installed_at,patient_id,sensor_code,sensor_type,status) values (?,?,?,?,?,?,?,?)
12:37:01.656 [main] INFO  t.e.s.Config.DataSeeder - ? Seeded sensor: ACC-010
Hibernate: select s1_0.id from sensors s1_0 where s1_0.sensor_code=? fetch first ? rows only
Hibernate: insert into sensors (base_latitude,base_longitude,geofence_radius,installed_at,patient_id,sensor_code,sensor_type,status) values (?,?,?,?,?,?,?,?)
12:37:01.660 [main] INFO  t.e.s.Config.DataSeeder - ? Seeded sensor: GPS-010
Hibernate: select s1_0.id from sensors s1_0 where s1_0.sensor_code=? fetch first ? rows only
Hibernate: insert into sensors (base_latitude,base_longitude,geofence_radius,installed_at,patient_id,sensor_code,sensor_type,status) values (?,?,?,?,?,?,?,?)
12:37:01.667 [main] INFO  t.e.s.Config.DataSeeder - ? Seeded sensor: MED-010
Hibernate: select s1_0.id from sensors s1_0 where s1_0.sensor_code=? fetch first ? rows only
Hibernate: insert into sensors (base_latitude,base_longitude,geofence_radius,installed_at,patient_id,sensor_code,sensor_type,status) values (?,?,?,?,?,?,?,?)
12:37:01.670 [main] INFO  t.e.s.Config.DataSeeder - ? Seeded sensor: MOT-010
12:37:01.671 [main] INFO  t.e.s.Config.DataSeeder - ? Seeding sensors for patientId=11...
Hibernate: select s1_0.id from sensors s1_0 where s1_0.sensor_code=? fetch first ? rows only
Hibernate: insert into sensors (base_latitude,base_longitude,geofence_radius,installed_at,patient_id,sensor_code,sensor_type,status) values (?,?,?,?,?,?,?,?)
12:37:01.673 [main] INFO  t.e.s.Config.DataSeeder - ? Seeded sensor: HR-011
Hibernate: select s1_0.id from sensors s1_0 where s1_0.sensor_code=? fetch first ? rows only
Hibernate: insert into sensors (base_latitude,base_longitude,geofence_radius,installed_at,patient_id,sensor_code,sensor_type,status) values (?,?,?,?,?,?,?,?)
12:37:01.677 [main] INFO  t.e.s.Config.DataSeeder - ? Seeded sensor: ACC-011
Hibernate: select s1_0.id from sensors s1_0 where s1_0.sensor_code=? fetch first ? rows only
Hibernate: insert into sensors (base_latitude,base_longitude,geofence_radius,installed_at,patient_id,sensor_code,sensor_type,status) values (?,?,?,?,?,?,?,?)
12:37:01.681 [main] INFO  t.e.s.Config.DataSeeder - ? Seeded sensor: GPS-011
Hibernate: select s1_0.id from sensors s1_0 where s1_0.sensor_code=? fetch first ? rows only
Hibernate: insert into sensors (base_latitude,base_longitude,geofence_radius,installed_at,patient_id,sensor_code,sensor_type,status) values (?,?,?,?,?,?,?,?)
12:37:01.684 [main] INFO  t.e.s.Config.DataSeeder - ? Seeded sensor: MED-011
Hibernate: select s1_0.id from sensors s1_0 where s1_0.sensor_code=? fetch first ? rows only
Hibernate: insert into sensors (base_latitude,base_longitude,geofence_radius,installed_at,patient_id,sensor_code,sensor_type,status) values (?,?,?,?,?,?,?,?)
12:37:01.687 [main] INFO  t.e.s.Config.DataSeeder - ? Seeded sensor: MOT-011
12:37:01.687 [main] INFO  t.e.s.Config.DataSeeder - ? Seeding sensors for patientId=12...
Hibernate: select s1_0.id from sensors s1_0 where s1_0.sensor_code=? fetch first ? rows only
Hibernate: insert into sensors (base_latitude,base_longitude,geofence_radius,installed_at,patient_id,sensor_code,sensor_type,status) values (?,?,?,?,?,?,?,?)
12:37:01.690 [main] INFO  t.e.s.Config.DataSeeder - ? Seeded sensor: HR-012
Hibernate: select s1_0.id from sensors s1_0 where s1_0.sensor_code=? fetch first ? rows only
Hibernate: insert into sensors (base_latitude,base_longitude,geofence_radius,installed_at,patient_id,sensor_code,sensor_type,status) values (?,?,?,?,?,?,?,?)
12:37:01.694 [main] INFO  t.e.s.Config.DataSeeder - ? Seeded sensor: ACC-012
Hibernate: select s1_0.id from sensors s1_0 where s1_0.sensor_code=? fetch first ? rows only
Hibernate: insert into sensors (base_latitude,base_longitude,geofence_radius,installed_at,patient_id,sensor_code,sensor_type,status) values (?,?,?,?,?,?,?,?)
12:37:01.698 [main] INFO  t.e.s.Config.DataSeeder - ? Seeded sensor: GPS-012
Hibernate: select s1_0.id from sensors s1_0 where s1_0.sensor_code=? fetch first ? rows only
Hibernate: insert into sensors (base_latitude,base_longitude,geofence_radius,installed_at,patient_id,sensor_code,sensor_type,status) values (?,?,?,?,?,?,?,?)
12:37:01.700 [main] INFO  t.e.s.Config.DataSeeder - ? Seeded sensor: MED-012
Hibernate: select s1_0.id from sensors s1_0 where s1_0.sensor_code=? fetch first ? rows only
Hibernate: insert into sensors (base_latitude,base_longitude,geofence_radius,installed_at,patient_id,sensor_code,sensor_type,status) values (?,?,?,?,?,?,?,?)
12:37:01.703 [main] INFO  t.e.s.Config.DataSeeder - ? Seeded sensor: MOT-012
12:37:01.703 [main] INFO  t.e.s.Config.DataSeeder - ? Seeding sensors for patientId=13...
Hibernate: select s1_0.id from sensors s1_0 where s1_0.sensor_code=? fetch first ? rows only
Hibernate: insert into sensors (base_latitude,base_longitude,geofence_radius,installed_at,patient_id,sensor_code,sensor_type,status) values (?,?,?,?,?,?,?,?)
12:37:01.706 [main] INFO  t.e.s.Config.DataSeeder - ? Seeded sensor: HR-013
Hibernate: select s1_0.id from sensors s1_0 where s1_0.sensor_code=? fetch first ? rows only
Hibernate: insert into sensors (base_latitude,base_longitude,geofence_radius,installed_at,patient_id,sensor_code,sensor_type,status) values (?,?,?,?,?,?,?,?)
12:37:01.709 [main] INFO  t.e.s.Config.DataSeeder - ? Seeded sensor: ACC-013
Hibernate: select s1_0.id from sensors s1_0 where s1_0.sensor_code=? fetch first ? rows only
Hibernate: insert into sensors (base_latitude,base_longitude,geofence_radius,installed_at,patient_id,sensor_code,sensor_type,status) values (?,?,?,?,?,?,?,?)
12:37:01.715 [main] INFO  t.e.s.Config.DataSeeder - ? Seeded sensor: GPS-013
Hibernate: select s1_0.id from sensors s1_0 where s1_0.sensor_code=? fetch first ? rows only
Hibernate: insert into sensors (base_latitude,base_longitude,geofence_radius,installed_at,patient_id,sensor_code,sensor_type,status) values (?,?,?,?,?,?,?,?)
12:37:01.718 [main] INFO  t.e.s.Config.DataSeeder - ? Seeded sensor: MED-013
Hibernate: select s1_0.id from sensors s1_0 where s1_0.sensor_code=? fetch first ? rows only
Hibernate: insert into sensors (base_latitude,base_longitude,geofence_radius,installed_at,patient_id,sensor_code,sensor_type,status) values (?,?,?,?,?,?,?,?)
12:37:01.722 [main] INFO  t.e.s.Config.DataSeeder - ? Seeded sensor: MOT-013
12:37:01.722 [main] INFO  t.e.s.Config.DataSeeder - ? Seeding sensors for patientId=14...
Hibernate: select s1_0.id from sensors s1_0 where s1_0.sensor_code=? fetch first ? rows only
Hibernate: insert into sensors (base_latitude,base_longitude,geofence_radius,installed_at,patient_id,sensor_code,sensor_type,status) values (?,?,?,?,?,?,?,?)
12:37:01.725 [main] INFO  t.e.s.Config.DataSeeder - ? Seeded sensor: HR-014
Hibernate: select s1_0.id from sensors s1_0 where s1_0.sensor_code=? fetch first ? rows only
Hibernate: insert into sensors (base_latitude,base_longitude,geofence_radius,installed_at,patient_id,sensor_code,sensor_type,status) values (?,?,?,?,?,?,?,?)
12:37:01.730 [main] INFO  t.e.s.Config.DataSeeder - ? Seeded sensor: ACC-014
Hibernate: select s1_0.id from sensors s1_0 where s1_0.sensor_code=? fetch first ? rows only
Hibernate: insert into sensors (base_latitude,base_longitude,geofence_radius,installed_at,patient_id,sensor_code,sensor_type,status) values (?,?,?,?,?,?,?,?)
12:37:01.734 [main] INFO  t.e.s.Config.DataSeeder - ? Seeded sensor: GPS-014
Hibernate: select s1_0.id from sensors s1_0 where s1_0.sensor_code=? fetch first ? rows only
Hibernate: insert into sensors (base_latitude,base_longitude,geofence_radius,installed_at,patient_id,sensor_code,sensor_type,status) values (?,?,?,?,?,?,?,?)
12:37:01.738 [main] INFO  t.e.s.Config.DataSeeder - ? Seeded sensor: MED-014
Hibernate: select s1_0.id from sensors s1_0 where s1_0.sensor_code=? fetch first ? rows only
Hibernate: insert into sensors (base_latitude,base_longitude,geofence_radius,installed_at,patient_id,sensor_code,sensor_type,status) values (?,?,?,?,?,?,?,?)
12:37:01.742 [main] INFO  t.e.s.Config.DataSeeder - ? Seeded sensor: MOT-014
12:37:01.742 [main] INFO  t.e.s.Config.DataSeeder - ? Seeding sensors for patientId=15...
Hibernate: select s1_0.id from sensors s1_0 where s1_0.sensor_code=? fetch first ? rows only
Hibernate: insert into sensors (base_latitude,base_longitude,geofence_radius,installed_at,patient_id,sensor_code,sensor_type,status) values (?,?,?,?,?,?,?,?)
12:37:01.746 [main] INFO  t.e.s.Config.DataSeeder - ? Seeded sensor: HR-015
Hibernate: select s1_0.id from sensors s1_0 where s1_0.sensor_code=? fetch first ? rows only
Hibernate: insert into sensors (base_latitude,base_longitude,geofence_radius,installed_at,patient_id,sensor_code,sensor_type,status) values (?,?,?,?,?,?,?,?)
12:37:01.750 [main] INFO  t.e.s.Config.DataSeeder - ? Seeded sensor: ACC-015
Hibernate: select s1_0.id from sensors s1_0 where s1_0.sensor_code=? fetch first ? rows only
Hibernate: insert into sensors (base_latitude,base_longitude,geofence_radius,installed_at,patient_id,sensor_code,sensor_type,status) values (?,?,?,?,?,?,?,?)
12:37:01.753 [main] INFO  t.e.s.Config.DataSeeder - ? Seeded sensor: GPS-015
Hibernate: select s1_0.id from sensors s1_0 where s1_0.sensor_code=? fetch first ? rows only
Hibernate: insert into sensors (base_latitude,base_longitude,geofence_radius,installed_at,patient_id,sensor_code,sensor_type,status) values (?,?,?,?,?,?,?,?)
12:37:01.757 [main] INFO  t.e.s.Config.DataSeeder - ? Seeded sensor: MED-015
Hibernate: select s1_0.id from sensors s1_0 where s1_0.sensor_code=? fetch first ? rows only
Hibernate: insert into sensors (base_latitude,base_longitude,geofence_radius,installed_at,patient_id,sensor_code,sensor_type,status) values (?,?,?,?,?,?,?,?)
12:37:01.762 [main] INFO  t.e.s.Config.DataSeeder - ? Seeded sensor: MOT-015
12:37:01.762 [main] INFO  t.e.s.Config.DataSeeder - ? Seeding sensors for patientId=16...
Hibernate: select s1_0.id from sensors s1_0 where s1_0.sensor_code=? fetch first ? rows only
Hibernate: insert into sensors (base_latitude,base_longitude,geofence_radius,installed_at,patient_id,sensor_code,sensor_type,status) values (?,?,?,?,?,?,?,?)
12:37:01.765 [main] INFO  t.e.s.Config.DataSeeder - ? Seeded sensor: HR-016
Hibernate: select s1_0.id from sensors s1_0 where s1_0.sensor_code=? fetch first ? rows only
Hibernate: insert into sensors (base_latitude,base_longitude,geofence_radius,installed_at,patient_id,sensor_code,sensor_type,status) values (?,?,?,?,?,?,?,?)
12:37:01.769 [main] INFO  t.e.s.Config.DataSeeder - ? Seeded sensor: ACC-016
Hibernate: select s1_0.id from sensors s1_0 where s1_0.sensor_code=? fetch first ? rows only
Hibernate: insert into sensors (base_latitude,base_longitude,geofence_radius,installed_at,patient_id,sensor_code,sensor_type,status) values (?,?,?,?,?,?,?,?)
12:37:01.772 [main] INFO  t.e.s.Config.DataSeeder - ? Seeded sensor: GPS-016
Hibernate: select s1_0.id from sensors s1_0 where s1_0.sensor_code=? fetch first ? rows only
Hibernate: insert into sensors (base_latitude,base_longitude,geofence_radius,installed_at,patient_id,sensor_code,sensor_type,status) values (?,?,?,?,?,?,?,?)
12:37:01.774 [main] INFO  t.e.s.Config.DataSeeder - ? Seeded sensor: MED-016
Hibernate: select s1_0.id from sensors s1_0 where s1_0.sensor_code=? fetch first ? rows only
Hibernate: insert into sensors (base_latitude,base_longitude,geofence_radius,installed_at,patient_id,sensor_code,sensor_type,status) values (?,?,?,?,?,?,?,?)
12:37:01.778 [main] INFO  t.e.s.Config.DataSeeder - ? Seeded sensor: MOT-016
12:37:01.778 [main] INFO  t.e.s.Config.DataSeeder - ? Seeding sensors for patientId=17...
Hibernate: select s1_0.id from sensors s1_0 where s1_0.sensor_code=? fetch first ? rows only
Hibernate: insert into sensors (base_latitude,base_longitude,geofence_radius,installed_at,patient_id,sensor_code,sensor_type,status) values (?,?,?,?,?,?,?,?)
12:37:01.781 [main] INFO  t.e.s.Config.DataSeeder - ? Seeded sensor: HR-017
Hibernate: select s1_0.id from sensors s1_0 where s1_0.sensor_code=? fetch first ? rows only
Hibernate: insert into sensors (base_latitude,base_longitude,geofence_radius,installed_at,patient_id,sensor_code,sensor_type,status) values (?,?,?,?,?,?,?,?)
12:37:01.783 [main] INFO  t.e.s.Config.DataSeeder - ? Seeded sensor: ACC-017
Hibernate: select s1_0.id from sensors s1_0 where s1_0.sensor_code=? fetch first ? rows only
Hibernate: insert into sensors (base_latitude,base_longitude,geofence_radius,installed_at,patient_id,sensor_code,sensor_type,status) values (?,?,?,?,?,?,?,?)
12:37:01.785 [main] INFO  t.e.s.Config.DataSeeder - ? Seeded sensor: GPS-017
Hibernate: select s1_0.id from sensors s1_0 where s1_0.sensor_code=? fetch first ? rows only
Hibernate: insert into sensors (base_latitude,base_longitude,geofence_radius,installed_at,patient_id,sensor_code,sensor_type,status) values (?,?,?,?,?,?,?,?)
12:37:01.787 [main] INFO  t.e.s.Config.DataSeeder - ? Seeded sensor: MED-017
Hibernate: select s1_0.id from sensors s1_0 where s1_0.sensor_code=? fetch first ? rows only
Hibernate: insert into sensors (base_latitude,base_longitude,geofence_radius,installed_at,patient_id,sensor_code,sensor_type,status) values (?,?,?,?,?,?,?,?)
12:37:01.788 [main] INFO  t.e.s.Config.DataSeeder - ? Seeded sensor: MOT-017
12:37:01.788 [main] INFO  t.e.s.Config.DataSeeder - ? Seeding sensors for patientId=18...
Hibernate: select s1_0.id from sensors s1_0 where s1_0.sensor_code=? fetch first ? rows only
Hibernate: insert into sensors (base_latitude,base_longitude,geofence_radius,installed_at,patient_id,sensor_code,sensor_type,status) values (?,?,?,?,?,?,?,?)
12:37:01.790 [main] INFO  t.e.s.Config.DataSeeder - ? Seeded sensor: HR-018
Hibernate: select s1_0.id from sensors s1_0 where s1_0.sensor_code=? fetch first ? rows only
Hibernate: insert into sensors (base_latitude,base_longitude,geofence_radius,installed_at,patient_id,sensor_code,sensor_type,status) values (?,?,?,?,?,?,?,?)
12:37:01.791 [main] INFO  t.e.s.Config.DataSeeder - ? Seeded sensor: ACC-018
Hibernate: select s1_0.id from sensors s1_0 where s1_0.sensor_code=? fetch first ? rows only
Hibernate: insert into sensors (base_latitude,base_longitude,geofence_radius,installed_at,patient_id,sensor_code,sensor_type,status) values (?,?,?,?,?,?,?,?)
12:37:01.795 [main] INFO  t.e.s.Config.DataSeeder - ? Seeded sensor: GPS-018
Hibernate: select s1_0.id from sensors s1_0 where s1_0.sensor_code=? fetch first ? rows only
Hibernate: insert into sensors (base_latitude,base_longitude,geofence_radius,installed_at,patient_id,sensor_code,sensor_type,status) values (?,?,?,?,?,?,?,?)
12:37:01.798 [main] INFO  t.e.s.Config.DataSeeder - ? Seeded sensor: MED-018
Hibernate: select s1_0.id from sensors s1_0 where s1_0.sensor_code=? fetch first ? rows only
Hibernate: insert into sensors (base_latitude,base_longitude,geofence_radius,installed_at,patient_id,sensor_code,sensor_type,status) values (?,?,?,?,?,?,?,?)
12:37:01.800 [main] INFO  t.e.s.Config.DataSeeder - ? Seeded sensor: MOT-018
12:37:01.801 [main] INFO  t.e.s.Config.DataSeeder - ? Seeding sensors for patientId=19...
Hibernate: select s1_0.id from sensors s1_0 where s1_0.sensor_code=? fetch first ? rows only
Hibernate: insert into sensors (base_latitude,base_longitude,geofence_radius,installed_at,patient_id,sensor_code,sensor_type,status) values (?,?,?,?,?,?,?,?)
12:37:01.803 [main] INFO  t.e.s.Config.DataSeeder - ? Seeded sensor: HR-019
Hibernate: select s1_0.id from sensors s1_0 where s1_0.sensor_code=? fetch first ? rows only
Hibernate: insert into sensors (base_latitude,base_longitude,geofence_radius,installed_at,patient_id,sensor_code,sensor_type,status) values (?,?,?,?,?,?,?,?)
12:37:01.805 [main] INFO  t.e.s.Config.DataSeeder - ? Seeded sensor: ACC-019
Hibernate: select s1_0.id from sensors s1_0 where s1_0.sensor_code=? fetch first ? rows only
Hibernate: insert into sensors (base_latitude,base_longitude,geofence_radius,installed_at,patient_id,sensor_code,sensor_type,status) values (?,?,?,?,?,?,?,?)
12:37:01.809 [main] INFO  t.e.s.Config.DataSeeder - ? Seeded sensor: GPS-019
Hibernate: select s1_0.id from sensors s1_0 where s1_0.sensor_code=? fetch first ? rows only
Hibernate: insert into sensors (base_latitude,base_longitude,geofence_radius,installed_at,patient_id,sensor_code,sensor_type,status) values (?,?,?,?,?,?,?,?)
12:37:01.811 [main] INFO  t.e.s.Config.DataSeeder - ? Seeded sensor: MED-019
Hibernate: select s1_0.id from sensors s1_0 where s1_0.sensor_code=? fetch first ? rows only
Hibernate: insert into sensors (base_latitude,base_longitude,geofence_radius,installed_at,patient_id,sensor_code,sensor_type,status) values (?,?,?,?,?,?,?,?)
12:37:01.814 [main] INFO  t.e.s.Config.DataSeeder - ? Seeded sensor: MOT-019
12:37:01.815 [main] INFO  t.e.s.Config.DataSeeder - ? Seeding sensors for patientId=20...
Hibernate: select s1_0.id from sensors s1_0 where s1_0.sensor_code=? fetch first ? rows only
Hibernate: insert into sensors (base_latitude,base_longitude,geofence_radius,installed_at,patient_id,sensor_code,sensor_type,status) values (?,?,?,?,?,?,?,?)
12:37:01.818 [main] INFO  t.e.s.Config.DataSeeder - ? Seeded sensor: HR-020
Hibernate: select s1_0.id from sensors s1_0 where s1_0.sensor_code=? fetch first ? rows only
Hibernate: insert into sensors (base_latitude,base_longitude,geofence_radius,installed_at,patient_id,sensor_code,sensor_type,status) values (?,?,?,?,?,?,?,?)
12:37:01.820 [main] INFO  t.e.s.Config.DataSeeder - ? Seeded sensor: ACC-020
Hibernate: select s1_0.id from sensors s1_0 where s1_0.sensor_code=? fetch first ? rows only
Hibernate: insert into sensors (base_latitude,base_longitude,geofence_radius,installed_at,patient_id,sensor_code,sensor_type,status) values (?,?,?,?,?,?,?,?)
12:37:01.824 [main] INFO  t.e.s.Config.DataSeeder - ? Seeded sensor: GPS-020
Hibernate: select s1_0.id from sensors s1_0 where s1_0.sensor_code=? fetch first ? rows only
Hibernate: insert into sensors (base_latitude,base_longitude,geofence_radius,installed_at,patient_id,sensor_code,sensor_type,status) values (?,?,?,?,?,?,?,?)
12:37:01.827 [main] INFO  t.e.s.Config.DataSeeder - ? Seeded sensor: MED-020
Hibernate: select s1_0.id from sensors s1_0 where s1_0.sensor_code=? fetch first ? rows only
Hibernate: insert into sensors (base_latitude,base_longitude,geofence_radius,installed_at,patient_id,sensor_code,sensor_type,status) values (?,?,?,?,?,?,?,?)
12:37:01.831 [main] INFO  t.e.s.Config.DataSeeder - ? Seeded sensor: MOT-020
12:37:01.831 [main] INFO  t.e.s.Config.DataSeeder - ? ==========================================
Hibernate: select count(*) from sensors s1_0
12:37:01.832 [main] INFO  t.e.s.Config.DataSeeder - ?  SEEDING COMPLETE: 100 total sensors in DB
12:37:01.832 [main] INFO  t.e.s.Config.DataSeeder - ? ==========================================
]]></system-out>
  </testcase>
</testsuite>